find: ‘../icui’: No such file or directory
mkdir -p build/obj
mkdir -p build/bin
mkdir -p build/lib
mkdir -p build/share/orca
cd tools && \
python3 conv-module.py \
../source/geometry/geom.xml \
../source/core/core.xml \
../source/renderer/api/renderer.xml \
../source/UIKit/UIKit.xml \
../source/SceneKit/SceneKit.xml \
../source/filesystem/filesystem.xml && cd ..
/home/runner/work/orca/orca/tools/conv-module.py:308: DeprecationWarning: Testing an element's truth value will raise an exception in future versions.  Use specific 'len(elem)' or 'elem is not None' test instead.
  doc.add_function(topic, method, returns and returns.get('type'))
/home/runner/work/orca/orca/tools/conv-module.py:624: DeprecationWarning: Testing an element's truth value will raise an exception in future versions.  Use specific 'len(elem)' or 'elem is not None' test instead.
  enum = g_enums.get(ptype) or g_enums.get(sname)
/home/runner/work/orca/orca/tools/conv-module.py:784: DeprecationWarning: Testing an element's truth value will raise an exception in future versions.  Use specific 'len(elem)' or 'elem is not None' test instead.
  if comp and _2d in comp.get('name'):
/home/runner/work/orca/orca/tools/conv-module.py:131: DeprecationWarning: Testing an element's truth value will raise an exception in future versions.  Use specific 'len(elem)' or 'elem is not None' test instead.
  elif root:
/home/runner/work/orca/orca/tools/conv-module.py:618: DeprecationWarning: Testing an element's truth value will raise an exception in future versions.  Use specific 'len(elem)' or 'elem is not None' test instead.
  if struct:
/home/runner/work/orca/orca/tools/conv-module.py:659: DeprecationWarning: Testing an element's truth value will raise an exception in future versions.  Use specific 'len(elem)' or 'elem is not None' test instead.
  return (struct_property(root, cmp, struct, parser, path+'.', indent) + n) if struct else n
rm -f build/obj/*.o
rm -f build/share/orca/*.pak
rm -f build/bin/paktool
rm -f build/bin/orca
rm -f build/bin/orca
make -C libs/platform clean
make[1]: Entering directory '/home/runner/work/orca/orca/libs/platform'
make[1]: *** No rule to make target 'clean'.  Stop.
make[1]: Leaving directory '/home/runner/work/orca/orca/libs/platform'
make: *** [Makefile:100: clean] Error 2
