2026-05-20 21:48:38.924 orca[48422:11042032] App started in Dark Mode
Initializing application module
Initializing renderer...
Initializing window...
Initializing shaders...
Initializing textures...
Initializing models...
Initializing buffers...
Renderer initialized successfully.
Loading plugin config	Example/config/tailwind.lua
Loaded plugin tailwind.lua
Loading startup screen: Example/Screens/Application
_BuildInlineObjectXml: Unknown inline object type 'Binding'
_BuildInlineObjectXml: Unknown inline object type 'Binding'
_BuildInlineObjectXml: Unknown inline object type 'Binding'
_BuildInlineObjectXml: Unknown inline object type 'Binding'
_BuildInlineObjectXml: Unknown inline object type 'Binding'
_BuildInlineObjectXml: Unknown inline object type 'Binding'
_BuildInlineObjectXml: Unknown inline object type 'Binding'
_BuildInlineObjectXml: Unknown inline object type 'Binding'
Application module initialized
Shutting down renderer...
Shutting down filesystem
2026-05-20 21:48:39.769 orca[48422:11042032] App started in Dark Mode
Initializing application module
Initializing renderer...
Initializing window...
Initializing shaders...
Initializing textures...
Initializing models...
Initializing buffers...
Renderer initialized successfully.
Loading plugin config	Example/config/tailwind.lua
Loaded plugin tailwind.lua
Loading startup screen: Example/Screens/Application
_BuildInlineObjectXml: Unknown inline object type 'Binding'
_BuildInlineObjectXml: Unknown inline object type 'Binding'
_BuildInlineObjectXml: Unknown inline object type 'Binding'
_BuildInlineObjectXml: Unknown inline object type 'Binding'
_BuildInlineObjectXml: Unknown inline object type 'Binding'
_BuildInlineObjectXml: Unknown inline object type 'Binding'
_BuildInlineObjectXml: Unknown inline object type 'Binding'
_BuildInlineObjectXml: Unknown inline object type 'Binding'
Application module initialized
Shutting down renderer...
Shutting down filesystem

